room-tutorial/app/build/intermediates/manifest_merge_blame_file/debug/manifest-merger-blame-debug-report.txt
1<?xml version="1.0" encoding="utf-8"?>
2<manifest xmlns:android="http://schemas.android.com/apk/res/android"
3    package="com.raywenderlich.android.customersurveys"
4    android:versionCode="1"
5    android:versionName="1.0" >
6
7    <uses-sdk
8        android:minSdkVersion="19"
8-->src/main/AndroidManifest.xml
9        android:targetSdkVersion="29" />
9-->src/main/AndroidManifest.xml
10
11    <uses-permission android:name="android.permission.INTERNET" />
11-->src/main/AndroidManifest.xml:6:3-65
11-->src/main/AndroidManifest.xml:6:20-62
12
13    <application
13-->src/main/AndroidManifest.xml:8:3-26:17
14        android:allowBackup="false"
14-->src/main/AndroidManifest.xml:9:5-32
15        android:appComponentFactory="androidx.core.app.CoreComponentFactory"
15-->[androidx.core:core:1.3.0-rc01] AndroidManifest.xml:24:18-86
16        android:debuggable="true"
17        android:icon="@mipmap/ic_launcher"
17-->src/main/AndroidManifest.xml:10:5-39
18        android:label="@string/app_name"
18-->src/main/AndroidManifest.xml:11:5-37
19        android:roundIcon="@mipmap/ic_launcher_round"
19-->src/main/AndroidManifest.xml:12:5-50
20        android:supportsRtl="true"
20-->src/main/AndroidManifest.xml:13:5-31
21        android:testOnly="true"
22        android:theme="@style/AppTheme" >
22-->src/main/AndroidManifest.xml:14:5-36
23        <activity
23-->src/main/AndroidManifest.xml:17:5-24:16
24            android:name="com.raywenderlich.android.customersurveys.home.HomeActivity"
24-->src/main/AndroidManifest.xml:18:7-81
25            android:theme="@style/SplashTheme" >
25-->src/main/AndroidManifest.xml:19:7-41
26            <intent-filter>
26-->src/main/AndroidManifest.xml:20:7-23:23
27                <action android:name="android.intent.action.MAIN" />
27-->src/main/AndroidManifest.xml:21:9-61
27-->src/main/AndroidManifest.xml:21:17-58
28
29                <category android:name="android.intent.category.LAUNCHER" />
29-->src/main/AndroidManifest.xml:22:9-69
29-->src/main/AndroidManifest.xml:22:19-66
30            </intent-filter>
31        </activity>
32
33        <service
33-->[androidx.room:room-runtime:2.2.5] AndroidManifest.xml:25:9-28:40
34            android:name="androidx.room.MultiInstanceInvalidationService"
34-->[androidx.room:room-runtime:2.2.5] AndroidManifest.xml:26:13-74
35            android:directBootAware="true"
35-->[androidx.room:room-runtime:2.2.5] AndroidManifest.xml:27:13-43
36            android:exported="false" />
36-->[androidx.room:room-runtime:2.2.5] AndroidManifest.xml:28:13-37
37    </application>
38
39</manifest>